2024/10/31 15:59:49 [notice] 1#1: using the "epoll" event method
2024/10/31 15:59:49 [notice] 1#1: nginx/1.27.2
2024/10/31 15:59:49 [notice] 1#1: built by gcc 13.2.1 20240309 (Alpine 13.2.1_git20240309) 
2024/10/31 15:59:49 [notice] 1#1: OS: Linux 5.15.153.1-microsoft-standard-WSL2
2024/10/31 15:59:49 [notice] 1#1: getrlimit(RLIMIT_NOFILE): 1048576:1048576
2024/10/31 15:59:49 [notice] 1#1: start worker processes
2024/10/31 15:59:49 [notice] 1#1: start worker process 29
2024/10/31 15:59:49 [notice] 1#1: start worker process 30
2024/10/31 15:59:49 [notice] 1#1: start worker process 31
2024/10/31 15:59:49 [notice] 1#1: start worker process 32
2024/10/31 15:59:49 [notice] 1#1: start worker process 33
2024/10/31 15:59:49 [notice] 1#1: start worker process 34
2024/10/31 15:59:49 [notice] 1#1: start worker process 35
2024/10/31 15:59:49 [notice] 1#1: start worker process 36
2024/10/31 15:59:49 [notice] 1#1: start worker process 37
2024/10/31 15:59:49 [notice] 1#1: start worker process 38
2024/10/31 15:59:49 [notice] 1#1: start worker process 39
2024/10/31 15:59:49 [notice] 1#1: start worker process 40
2024/10/31 16:03:11 [notice] 1#1: signal 3 (SIGQUIT) received, shutting down
2024/10/31 16:03:11 [notice] 29#29: gracefully shutting down
2024/10/31 16:03:11 [notice] 31#31: gracefully shutting down
2024/10/31 16:03:11 [notice] 33#33: gracefully shutting down
2024/10/31 16:03:11 [notice] 32#32: gracefully shutting down
2024/10/31 16:03:11 [notice] 35#35: gracefully shutting down
2024/10/31 16:03:11 [notice] 34#34: gracefully shutting down
2024/10/31 16:03:11 [notice] 37#37: gracefully shutting down
2024/10/31 16:03:11 [notice] 36#36: gracefully shutting down
2024/10/31 16:03:11 [notice] 38#38: gracefully shutting down
2024/10/31 16:03:11 [notice] 29#29: exiting
2024/10/31 16:03:11 [notice] 30#30: gracefully shutting down
2024/10/31 16:03:11 [notice] 40#40: gracefully shutting down
2024/10/31 16:03:11 [notice] 39#39: gracefully shutting down
2024/10/31 16:03:11 [notice] 31#31: exiting
2024/10/31 16:03:11 [notice] 35#35: exiting
2024/10/31 16:03:11 [notice] 33#33: exiting
2024/10/31 16:03:11 [notice] 34#34: exiting
2024/10/31 16:03:11 [notice] 37#37: exiting
2024/10/31 16:03:11 [notice] 36#36: exiting
2024/10/31 16:03:11 [notice] 38#38: exiting
2024/10/31 16:03:11 [notice] 30#30: exiting
2024/10/31 16:03:11 [notice] 35#35: exit
2024/10/31 16:03:11 [notice] 33#33: exit
2024/10/31 16:03:11 [notice] 40#40: exiting
2024/10/31 16:03:11 [notice] 29#29: exit
2024/10/31 16:03:11 [notice] 39#39: exiting
2024/10/31 16:03:11 [notice] 34#34: exit
2024/10/31 16:03:11 [notice] 31#31: exit
2024/10/31 16:03:11 [notice] 37#37: exit
2024/10/31 16:03:11 [notice] 32#32: exiting
2024/10/31 16:03:11 [notice] 36#36: exit
2024/10/31 16:03:11 [notice] 38#38: exit
2024/10/31 16:03:11 [notice] 30#30: exit
2024/10/31 16:03:11 [notice] 40#40: exit
2024/10/31 16:03:11 [notice] 39#39: exit
2024/10/31 16:03:11 [notice] 32#32: exit
2024/10/31 16:03:11 [notice] 1#1: signal 17 (SIGCHLD) received from 30
2024/10/31 16:03:11 [notice] 1#1: worker process 29 exited with code 0
2024/10/31 16:03:11 [notice] 1#1: worker process 30 exited with code 0
2024/10/31 16:03:11 [notice] 1#1: worker process 31 exited with code 0
2024/10/31 16:03:11 [notice] 1#1: worker process 39 exited with code 0
2024/10/31 16:03:11 [notice] 1#1: signal 29 (SIGIO) received
2024/10/31 16:03:11 [notice] 1#1: signal 17 (SIGCHLD) received from 31
2024/10/31 16:03:11 [notice] 1#1: signal 17 (SIGCHLD) received from 40
2024/10/31 16:03:11 [notice] 1#1: worker process 40 exited with code 0
2024/10/31 16:03:11 [notice] 1#1: signal 29 (SIGIO) received
2024/10/31 16:03:11 [notice] 1#1: signal 17 (SIGCHLD) received from 35
2024/10/31 16:03:11 [notice] 1#1: worker process 35 exited with code 0
2024/10/31 16:03:11 [notice] 1#1: signal 29 (SIGIO) received
2024/10/31 16:03:11 [notice] 1#1: signal 17 (SIGCHLD) received from 36
2024/10/31 16:03:11 [notice] 1#1: worker process 36 exited with code 0
2024/10/31 16:03:11 [notice] 1#1: signal 29 (SIGIO) received
2024/10/31 16:03:11 [notice] 1#1: signal 17 (SIGCHLD) received from 38
2024/10/31 16:03:11 [notice] 1#1: worker process 37 exited with code 0
2024/10/31 16:03:11 [notice] 1#1: worker process 38 exited with code 0
2024/10/31 16:03:11 [notice] 1#1: signal 29 (SIGIO) received
2024/10/31 16:03:12 [notice] 1#1: signal 17 (SIGCHLD) received from 34
2024/10/31 16:03:12 [notice] 1#1: worker process 33 exited with code 0
2024/10/31 16:03:12 [notice] 1#1: worker process 32 exited with code 0
2024/10/31 16:03:12 [notice] 1#1: worker process 34 exited with code 0
2024/10/31 16:03:12 [notice] 1#1: exit
2024/10/31 16:03:44 [notice] 1#1: using the "epoll" event method
2024/10/31 16:03:44 [notice] 1#1: nginx/1.27.2
2024/10/31 16:03:44 [notice] 1#1: built by gcc 13.2.1 20240309 (Alpine 13.2.1_git20240309) 
2024/10/31 16:03:44 [notice] 1#1: OS: Linux 5.15.153.1-microsoft-standard-WSL2
2024/10/31 16:03:44 [notice] 1#1: getrlimit(RLIMIT_NOFILE): 1048576:1048576
2024/10/31 16:03:44 [notice] 1#1: start worker processes
2024/10/31 16:03:44 [notice] 1#1: start worker process 29
2024/10/31 16:03:44 [notice] 1#1: start worker process 30
2024/10/31 16:03:44 [notice] 1#1: start worker process 31
2024/10/31 16:03:44 [notice] 1#1: start worker process 32
2024/10/31 16:03:44 [notice] 1#1: start worker process 33
2024/10/31 16:03:44 [notice] 1#1: start worker process 34
2024/10/31 16:03:44 [notice] 1#1: start worker process 35
2024/10/31 16:03:44 [notice] 1#1: start worker process 36
2024/10/31 16:03:44 [notice] 1#1: start worker process 37
2024/10/31 16:03:44 [notice] 1#1: start worker process 38
2024/10/31 16:03:44 [notice] 1#1: start worker process 39
2024/10/31 16:03:44 [notice] 1#1: start worker process 40
2024/10/31 17:19:12 [notice] 1#1: signal 3 (SIGQUIT) received, shutting down
2024/10/31 17:19:12 [notice] 32#32: gracefully shutting down
2024/10/31 17:19:12 [notice] 30#30: gracefully shutting down
2024/10/31 17:19:12 [notice] 35#35: gracefully shutting down
2024/10/31 17:19:12 [notice] 29#29: gracefully shutting down
2024/10/31 17:19:12 [notice] 31#31: gracefully shutting down
2024/10/31 17:19:12 [notice] 36#36: gracefully shutting down
2024/10/31 17:19:12 [notice] 33#33: gracefully shutting down
2024/10/31 17:19:12 [notice] 34#34: gracefully shutting down
2024/10/31 17:19:12 [notice] 38#38: gracefully shutting down
2024/10/31 17:19:12 [notice] 37#37: gracefully shutting down
2024/10/31 17:19:12 [notice] 40#40: gracefully shutting down
2024/10/31 17:19:12 [notice] 39#39: gracefully shutting down
2024/10/31 17:19:12 [notice] 36#36: exiting
2024/10/31 17:19:12 [notice] 35#35: exiting
2024/10/31 17:19:12 [notice] 31#31: exiting
2024/10/31 17:19:12 [notice] 40#40: exiting
2024/10/31 17:19:12 [notice] 34#34: exiting
2024/10/31 17:19:12 [notice] 30#30: exiting
2024/10/31 17:19:12 [notice] 32#32: exiting
2024/10/31 17:19:12 [notice] 29#29: exiting
2024/10/31 17:19:12 [notice] 38#38: exiting
2024/10/31 17:19:12 [notice] 39#39: exiting
2024/10/31 17:19:12 [notice] 33#33: exiting
2024/10/31 17:19:12 [notice] 37#37: exiting
2024/10/31 17:19:12 [notice] 40#40: exit
2024/10/31 17:19:12 [notice] 39#39: exit
2024/10/31 17:19:12 [notice] 33#33: exit
2024/10/31 17:19:12 [notice] 37#37: exit
2024/10/31 17:19:12 [notice] 32#32: exit
2024/10/31 17:19:12 [notice] 35#35: exit
2024/10/31 17:19:12 [notice] 31#31: exit
2024/10/31 17:19:12 [notice] 38#38: exit
2024/10/31 17:19:12 [notice] 30#30: exit
2024/10/31 17:19:12 [notice] 29#29: exit
2024/10/31 17:19:12 [notice] 34#34: exit
2024/10/31 17:19:12 [notice] 36#36: exit
2024/10/31 17:19:12 [notice] 1#1: signal 17 (SIGCHLD) received from 31
2024/10/31 17:19:12 [notice] 1#1: worker process 29 exited with code 0
2024/10/31 17:19:12 [notice] 1#1: worker process 31 exited with code 0
2024/10/31 17:19:12 [notice] 1#1: signal 29 (SIGIO) received
2024/10/31 17:19:12 [notice] 1#1: signal 17 (SIGCHLD) received from 29
2024/10/31 17:19:12 [notice] 1#1: signal 17 (SIGCHLD) received from 39
2024/10/31 17:19:12 [notice] 1#1: worker process 39 exited with code 0
2024/10/31 17:19:12 [notice] 1#1: worker process 40 exited with code 0
2024/10/31 17:19:12 [notice] 1#1: worker process 30 exited with code 0
2024/10/31 17:19:12 [notice] 1#1: worker process 38 exited with code 0
2024/10/31 17:19:12 [notice] 1#1: signal 29 (SIGIO) received
2024/10/31 17:19:12 [notice] 1#1: signal 17 (SIGCHLD) received from 40
2024/10/31 17:19:12 [notice] 1#1: signal 17 (SIGCHLD) received from 37
2024/10/31 17:19:12 [notice] 1#1: worker process 37 exited with code 0
2024/10/31 17:19:12 [notice] 1#1: signal 29 (SIGIO) received
2024/10/31 17:19:12 [notice] 1#1: signal 17 (SIGCHLD) received from 32
2024/10/31 17:19:12 [notice] 1#1: worker process 32 exited with code 0
2024/10/31 17:19:12 [notice] 1#1: worker process 36 exited with code 0
2024/10/31 17:19:12 [notice] 1#1: signal 29 (SIGIO) received
2024/10/31 17:19:12 [notice] 1#1: signal 17 (SIGCHLD) received from 35
2024/10/31 17:19:12 [notice] 1#1: worker process 35 exited with code 0
2024/10/31 17:19:12 [notice] 1#1: signal 29 (SIGIO) received
2024/10/31 17:19:12 [notice] 1#1: signal 17 (SIGCHLD) received from 34
2024/10/31 17:19:12 [notice] 1#1: worker process 34 exited with code 0
2024/10/31 17:19:12 [notice] 1#1: signal 17 (SIGCHLD) received from 33
2024/10/31 17:19:12 [notice] 1#1: worker process 33 exited with code 0
2024/10/31 17:19:12 [notice] 1#1: exit
2024/10/31 17:20:47 [notice] 1#1: using the "epoll" event method
2024/10/31 17:20:47 [notice] 1#1: nginx/1.27.2
2024/10/31 17:20:47 [notice] 1#1: built by gcc 13.2.1 20240309 (Alpine 13.2.1_git20240309) 
2024/10/31 17:20:47 [notice] 1#1: OS: Linux 5.15.153.1-microsoft-standard-WSL2
2024/10/31 17:20:47 [notice] 1#1: getrlimit(RLIMIT_NOFILE): 1048576:1048576
2024/10/31 17:20:47 [notice] 1#1: start worker processes
2024/10/31 17:20:47 [notice] 1#1: start worker process 29
2024/10/31 17:20:47 [notice] 1#1: start worker process 30
2024/10/31 17:20:47 [notice] 1#1: start worker process 31
2024/10/31 17:20:47 [notice] 1#1: start worker process 32
2024/10/31 17:20:47 [notice] 1#1: start worker process 33
2024/10/31 17:20:47 [notice] 1#1: start worker process 34
2024/10/31 17:20:47 [notice] 1#1: start worker process 35
2024/10/31 17:20:47 [notice] 1#1: start worker process 36
2024/10/31 17:20:47 [notice] 1#1: start worker process 37
2024/10/31 17:20:47 [notice] 1#1: start worker process 38
2024/10/31 17:20:47 [notice] 1#1: start worker process 39
2024/10/31 17:20:47 [notice] 1#1: start worker process 40
2024/10/31 17:21:11 [notice] 1#1: signal 3 (SIGQUIT) received, shutting down
2024/10/31 17:21:11 [notice] 32#32: gracefully shutting down
2024/10/31 17:21:11 [notice] 29#29: gracefully shutting down
2024/10/31 17:21:11 [notice] 31#31: gracefully shutting down
2024/10/31 17:21:11 [notice] 33#33: gracefully shutting down
2024/10/31 17:21:11 [notice] 30#30: gracefully shutting down
2024/10/31 17:21:11 [notice] 35#35: gracefully shutting down
2024/10/31 17:21:11 [notice] 36#36: gracefully shutting down
2024/10/31 17:21:11 [notice] 38#38: gracefully shutting down
2024/10/31 17:21:11 [notice] 34#34: gracefully shutting down
2024/10/31 17:21:11 [notice] 38#38: exiting
2024/10/31 17:21:11 [notice] 37#37: gracefully shutting down
2024/10/31 17:21:11 [notice] 39#39: gracefully shutting down
2024/10/31 17:21:11 [notice] 40#40: gracefully shutting down
2024/10/31 17:21:11 [notice] 32#32: exiting
2024/10/31 17:21:11 [notice] 29#29: exiting
2024/10/31 17:21:11 [notice] 31#31: exiting
2024/10/31 17:21:11 [notice] 33#33: exiting
2024/10/31 17:21:11 [notice] 30#30: exiting
2024/10/31 17:21:11 [notice] 35#35: exiting
2024/10/31 17:21:11 [notice] 36#36: exiting
2024/10/31 17:21:11 [notice] 34#34: exiting
2024/10/31 17:21:11 [notice] 37#37: exiting
2024/10/31 17:21:11 [notice] 39#39: exiting
2024/10/31 17:21:11 [notice] 37#37: exit
2024/10/31 17:21:11 [notice] 38#38: exit
2024/10/31 17:21:11 [notice] 40#40: exiting
2024/10/31 17:21:11 [notice] 32#32: exit
2024/10/31 17:21:11 [notice] 40#40: exit
2024/10/31 17:21:11 [notice] 29#29: exit
2024/10/31 17:21:11 [notice] 31#31: exit
2024/10/31 17:21:11 [notice] 33#33: exit
2024/10/31 17:21:11 [notice] 30#30: exit
2024/10/31 17:21:11 [notice] 35#35: exit
2024/10/31 17:21:11 [notice] 36#36: exit
2024/10/31 17:21:11 [notice] 34#34: exit
2024/10/31 17:21:11 [notice] 39#39: exit
2024/10/31 17:21:11 [notice] 1#1: signal 17 (SIGCHLD) received from 35
2024/10/31 17:21:11 [notice] 1#1: worker process 35 exited with code 0
2024/10/31 17:21:11 [notice] 1#1: signal 29 (SIGIO) received
2024/10/31 17:21:11 [notice] 1#1: signal 17 (SIGCHLD) received from 31
2024/10/31 17:21:11 [notice] 1#1: worker process 31 exited with code 0
2024/10/31 17:21:11 [notice] 1#1: signal 29 (SIGIO) received
2024/10/31 17:21:11 [notice] 1#1: signal 17 (SIGCHLD) received from 33
2024/10/31 17:21:11 [notice] 1#1: worker process 33 exited with code 0
2024/10/31 17:21:11 [notice] 1#1: signal 29 (SIGIO) received
2024/10/31 17:21:11 [notice] 1#1: signal 17 (SIGCHLD) received from 36
2024/10/31 17:21:11 [notice] 1#1: worker process 29 exited with code 0
2024/10/31 17:21:11 [notice] 1#1: worker process 36 exited with code 0
2024/10/31 17:21:11 [notice] 1#1: signal 29 (SIGIO) received
2024/10/31 17:21:11 [notice] 1#1: signal 17 (SIGCHLD) received from 30
2024/10/31 17:21:11 [notice] 1#1: worker process 30 exited with code 0
2024/10/31 17:21:11 [notice] 1#1: signal 29 (SIGIO) received
2024/10/31 17:21:11 [notice] 1#1: signal 17 (SIGCHLD) received from 32
2024/10/31 17:21:11 [notice] 1#1: worker process 32 exited with code 0
2024/10/31 17:21:11 [notice] 1#1: signal 29 (SIGIO) received
2024/10/31 17:21:11 [notice] 1#1: signal 17 (SIGCHLD) received from 34
2024/10/31 17:21:11 [notice] 1#1: worker process 34 exited with code 0
2024/10/31 17:21:11 [notice] 1#1: worker process 38 exited with code 0
2024/10/31 17:21:11 [notice] 1#1: signal 29 (SIGIO) received
2024/10/31 17:21:11 [notice] 1#1: signal 17 (SIGCHLD) received from 40
2024/10/31 17:21:11 [notice] 1#1: worker process 40 exited with code 0
2024/10/31 17:21:11 [notice] 1#1: signal 29 (SIGIO) received
2024/10/31 17:21:11 [notice] 1#1: signal 17 (SIGCHLD) received from 39
2024/10/31 17:21:11 [notice] 1#1: worker process 37 exited with code 0
2024/10/31 17:21:11 [notice] 1#1: worker process 39 exited with code 0
2024/10/31 17:21:11 [notice] 1#1: exit
2024/10/31 17:21:39 [notice] 1#1: using the "epoll" event method
2024/10/31 17:21:39 [notice] 1#1: nginx/1.27.2
2024/10/31 17:21:39 [notice] 1#1: built by gcc 13.2.1 20240309 (Alpine 13.2.1_git20240309) 
2024/10/31 17:21:39 [notice] 1#1: OS: Linux 5.15.153.1-microsoft-standard-WSL2
2024/10/31 17:21:39 [notice] 1#1: getrlimit(RLIMIT_NOFILE): 1048576:1048576
2024/10/31 17:21:39 [notice] 1#1: start worker processes
2024/10/31 17:21:39 [notice] 1#1: start worker process 29
2024/10/31 17:21:39 [notice] 1#1: start worker process 30
2024/10/31 17:21:39 [notice] 1#1: start worker process 31
2024/10/31 17:21:39 [notice] 1#1: start worker process 32
2024/10/31 17:21:39 [notice] 1#1: start worker process 33
2024/10/31 17:21:39 [notice] 1#1: start worker process 34
2024/10/31 17:21:39 [notice] 1#1: start worker process 35
2024/10/31 17:21:39 [notice] 1#1: start worker process 36
2024/10/31 17:21:39 [notice] 1#1: start worker process 37
2024/10/31 17:21:39 [notice] 1#1: start worker process 38
2024/10/31 17:21:39 [notice] 1#1: start worker process 39
2024/10/31 17:21:39 [notice] 1#1: start worker process 40
2024/10/31 17:23:41 [notice] 1#1: signal 3 (SIGQUIT) received, shutting down
2024/10/31 17:23:41 [notice] 29#29: gracefully shutting down
2024/10/31 17:23:41 [notice] 31#31: gracefully shutting down
2024/10/31 17:23:41 [notice] 32#32: gracefully shutting down
2024/10/31 17:23:41 [notice] 30#30: gracefully shutting down
2024/10/31 17:23:41 [notice] 34#34: gracefully shutting down
2024/10/31 17:23:41 [notice] 33#33: gracefully shutting down
2024/10/31 17:23:41 [notice] 38#38: gracefully shutting down
2024/10/31 17:23:41 [notice] 36#36: gracefully shutting down
2024/10/31 17:23:41 [notice] 29#29: exiting
2024/10/31 17:23:41 [notice] 37#37: gracefully shutting down
2024/10/31 17:23:41 [notice] 40#40: gracefully shutting down
2024/10/31 17:23:41 [notice] 31#31: exiting
2024/10/31 17:23:41 [notice] 39#39: gracefully shutting down
2024/10/31 17:23:41 [notice] 35#35: gracefully shutting down
2024/10/31 17:23:41 [notice] 32#32: exiting
2024/10/31 17:23:41 [notice] 33#33: exiting
2024/10/31 17:23:41 [notice] 30#30: exiting
2024/10/31 17:23:41 [notice] 34#34: exiting
2024/10/31 17:23:41 [notice] 38#38: exiting
2024/10/31 17:23:41 [notice] 36#36: exiting
2024/10/31 17:23:41 [notice] 40#40: exiting
2024/10/31 17:23:41 [notice] 29#29: exit
2024/10/31 17:23:41 [notice] 31#31: exit
2024/10/31 17:23:41 [notice] 37#37: exiting
2024/10/31 17:23:41 [notice] 39#39: exiting
2024/10/31 17:23:41 [notice] 35#35: exiting
2024/10/31 17:23:41 [notice] 32#32: exit
2024/10/31 17:23:41 [notice] 35#35: exit
2024/10/31 17:23:41 [notice] 33#33: exit
2024/10/31 17:23:41 [notice] 30#30: exit
2024/10/31 17:23:41 [notice] 34#34: exit
2024/10/31 17:23:41 [notice] 38#38: exit
2024/10/31 17:23:41 [notice] 36#36: exit
2024/10/31 17:23:41 [notice] 40#40: exit
2024/10/31 17:23:41 [notice] 37#37: exit
2024/10/31 17:23:41 [notice] 39#39: exit
2024/10/31 17:23:42 [notice] 1#1: signal 17 (SIGCHLD) received from 36
2024/10/31 17:23:42 [notice] 1#1: worker process 36 exited with code 0
2024/10/31 17:23:42 [notice] 1#1: signal 29 (SIGIO) received
2024/10/31 17:23:42 [notice] 1#1: signal 17 (SIGCHLD) received from 39
2024/10/31 17:23:42 [notice] 1#1: worker process 39 exited with code 0
2024/10/31 17:23:42 [notice] 1#1: signal 29 (SIGIO) received
2024/10/31 17:23:42 [notice] 1#1: signal 17 (SIGCHLD) received from 35
2024/10/31 17:23:42 [notice] 1#1: worker process 35 exited with code 0
2024/10/31 17:23:42 [notice] 1#1: signal 29 (SIGIO) received
2024/10/31 17:23:42 [notice] 1#1: signal 17 (SIGCHLD) received from 32
2024/10/31 17:23:42 [notice] 1#1: worker process 32 exited with code 0
2024/10/31 17:23:42 [notice] 1#1: signal 29 (SIGIO) received
2024/10/31 17:23:42 [notice] 1#1: signal 17 (SIGCHLD) received from 37
2024/10/31 17:23:42 [notice] 1#1: worker process 37 exited with code 0
2024/10/31 17:23:42 [notice] 1#1: signal 29 (SIGIO) received
2024/10/31 17:23:42 [notice] 1#1: signal 17 (SIGCHLD) received from 40
2024/10/31 17:23:42 [notice] 1#1: worker process 40 exited with code 0
2024/10/31 17:23:42 [notice] 1#1: signal 29 (SIGIO) received
2024/10/31 17:23:42 [notice] 1#1: signal 17 (SIGCHLD) received from 33
2024/10/31 17:23:42 [notice] 1#1: worker process 33 exited with code 0
2024/10/31 17:23:42 [notice] 1#1: worker process 38 exited with code 0
2024/10/31 17:23:42 [notice] 1#1: signal 29 (SIGIO) received
2024/10/31 17:23:42 [notice] 1#1: signal 17 (SIGCHLD) received from 34
2024/10/31 17:23:42 [notice] 1#1: worker process 34 exited with code 0
2024/10/31 17:23:42 [notice] 1#1: signal 29 (SIGIO) received
2024/10/31 17:23:42 [notice] 1#1: signal 17 (SIGCHLD) received from 29
2024/10/31 17:23:42 [notice] 1#1: worker process 29 exited with code 0
2024/10/31 17:23:42 [notice] 1#1: worker process 30 exited with code 0
2024/10/31 17:23:42 [notice] 1#1: signal 29 (SIGIO) received
2024/10/31 17:23:42 [notice] 1#1: signal 17 (SIGCHLD) received from 30
2024/10/31 17:23:42 [notice] 1#1: signal 17 (SIGCHLD) received from 31
2024/10/31 17:23:42 [notice] 1#1: worker process 31 exited with code 0
2024/10/31 17:23:42 [notice] 1#1: exit
2024/10/31 18:14:35 [warn] 1#1: the "listen ... http2" directive is deprecated, use the "http2" directive instead in /etc/nginx/nginx.conf:34
2024/10/31 18:14:35 [emerg] 1#1: cannot load certificate "/etc/nginx/ssl/live/your-domain.com/fullchain.pem": BIO_new_file() failed (SSL: error:80000002:system library::No such file or directory:calling fopen(/etc/nginx/ssl/live/your-domain.com/fullchain.pem, r) error:10000080:BIO routines::no such file)
2024/10/31 18:14:37 [warn] 1#1: the "listen ... http2" directive is deprecated, use the "http2" directive instead in /etc/nginx/nginx.conf:34
2024/10/31 18:14:37 [emerg] 1#1: cannot load certificate "/etc/nginx/ssl/live/your-domain.com/fullchain.pem": BIO_new_file() failed (SSL: error:80000002:system library::No such file or directory:calling fopen(/etc/nginx/ssl/live/your-domain.com/fullchain.pem, r) error:10000080:BIO routines::no such file)
2024/10/31 18:14:39 [warn] 1#1: the "listen ... http2" directive is deprecated, use the "http2" directive instead in /etc/nginx/nginx.conf:34
2024/10/31 18:14:39 [emerg] 1#1: cannot load certificate "/etc/nginx/ssl/live/your-domain.com/fullchain.pem": BIO_new_file() failed (SSL: error:80000002:system library::No such file or directory:calling fopen(/etc/nginx/ssl/live/your-domain.com/fullchain.pem, r) error:10000080:BIO routines::no such file)
2024/10/31 18:14:41 [warn] 1#1: the "listen ... http2" directive is deprecated, use the "http2" directive instead in /etc/nginx/nginx.conf:34
2024/10/31 18:14:41 [emerg] 1#1: cannot load certificate "/etc/nginx/ssl/live/your-domain.com/fullchain.pem": BIO_new_file() failed (SSL: error:80000002:system library::No such file or directory:calling fopen(/etc/nginx/ssl/live/your-domain.com/fullchain.pem, r) error:10000080:BIO routines::no such file)
2024/10/31 18:14:42 [warn] 1#1: the "listen ... http2" directive is deprecated, use the "http2" directive instead in /etc/nginx/nginx.conf:34
2024/10/31 18:14:42 [emerg] 1#1: cannot load certificate "/etc/nginx/ssl/live/your-domain.com/fullchain.pem": BIO_new_file() failed (SSL: error:80000002:system library::No such file or directory:calling fopen(/etc/nginx/ssl/live/your-domain.com/fullchain.pem, r) error:10000080:BIO routines::no such file)
2024/10/31 18:14:45 [warn] 1#1: the "listen ... http2" directive is deprecated, use the "http2" directive instead in /etc/nginx/nginx.conf:34
2024/10/31 18:14:45 [emerg] 1#1: host not found in upstream "servitec-backend" in /etc/nginx/nginx.conf:68
2024/10/31 18:14:51 [warn] 1#1: the "listen ... http2" directive is deprecated, use the "http2" directive instead in /etc/nginx/nginx.conf:34
2024/10/31 18:14:51 [emerg] 1#1: host not found in upstream "servitec-backend" in /etc/nginx/nginx.conf:68
2024/10/31 18:15:00 [warn] 1#1: the "listen ... http2" directive is deprecated, use the "http2" directive instead in /etc/nginx/nginx.conf:34
2024/10/31 18:15:00 [emerg] 1#1: host not found in upstream "servitec-backend" in /etc/nginx/nginx.conf:68
2024/10/31 18:15:15 [warn] 1#1: the "listen ... http2" directive is deprecated, use the "http2" directive instead in /etc/nginx/nginx.conf:34
2024/10/31 18:15:15 [emerg] 1#1: host not found in upstream "servitec-backend" in /etc/nginx/nginx.conf:68
2024/10/31 18:15:43 [warn] 1#1: the "listen ... http2" directive is deprecated, use the "http2" directive instead in /etc/nginx/nginx.conf:34
2024/10/31 18:15:43 [emerg] 1#1: host not found in upstream "servitec-backend" in /etc/nginx/nginx.conf:68
2024/10/31 18:16:37 [warn] 1#1: the "listen ... http2" directive is deprecated, use the "http2" directive instead in /etc/nginx/nginx.conf:34
2024/10/31 18:16:37 [emerg] 1#1: host not found in upstream "servitec-backend" in /etc/nginx/nginx.conf:68
2024/10/31 18:17:40 [warn] 1#1: the "listen ... http2" directive is deprecated, use the "http2" directive instead in /etc/nginx/nginx.conf:34
2024/10/31 18:17:40 [emerg] 1#1: host not found in upstream "servitec-backend" in /etc/nginx/nginx.conf:68
2024/10/31 18:18:43 [warn] 1#1: the "listen ... http2" directive is deprecated, use the "http2" directive instead in /etc/nginx/nginx.conf:34
2024/10/31 18:18:43 [emerg] 1#1: host not found in upstream "servitec-backend" in /etc/nginx/nginx.conf:68
2024/10/31 18:19:47 [warn] 1#1: the "listen ... http2" directive is deprecated, use the "http2" directive instead in /etc/nginx/nginx.conf:34
2024/10/31 18:19:47 [emerg] 1#1: host not found in upstream "servitec-backend" in /etc/nginx/nginx.conf:68
2024/10/31 18:20:50 [warn] 1#1: the "listen ... http2" directive is deprecated, use the "http2" directive instead in /etc/nginx/nginx.conf:34
2024/10/31 18:20:50 [emerg] 1#1: host not found in upstream "servitec-backend" in /etc/nginx/nginx.conf:68
2024/10/31 18:21:52 [warn] 1#1: the "listen ... http2" directive is deprecated, use the "http2" directive instead in /etc/nginx/nginx.conf:34
2024/10/31 18:21:52 [emerg] 1#1: host not found in upstream "servitec-backend" in /etc/nginx/nginx.conf:68
2024/10/31 18:22:55 [warn] 1#1: the "listen ... http2" directive is deprecated, use the "http2" directive instead in /etc/nginx/nginx.conf:34
2024/10/31 18:22:55 [emerg] 1#1: host not found in upstream "servitec-backend" in /etc/nginx/nginx.conf:68
2024/10/31 18:23:58 [warn] 1#1: the "listen ... http2" directive is deprecated, use the "http2" directive instead in /etc/nginx/nginx.conf:34
2024/10/31 18:23:58 [emerg] 1#1: host not found in upstream "servitec-backend" in /etc/nginx/nginx.conf:68
2024/10/31 18:25:00 [warn] 1#1: the "listen ... http2" directive is deprecated, use the "http2" directive instead in /etc/nginx/nginx.conf:34
2024/10/31 18:25:00 [emerg] 1#1: host not found in upstream "servitec-backend" in /etc/nginx/nginx.conf:68
2024/10/31 18:26:04 [warn] 1#1: the "listen ... http2" directive is deprecated, use the "http2" directive instead in /etc/nginx/nginx.conf:34
2024/10/31 18:26:04 [emerg] 1#1: host not found in upstream "servitec-backend" in /etc/nginx/nginx.conf:68
2024/10/31 18:27:08 [warn] 1#1: the "listen ... http2" directive is deprecated, use the "http2" directive instead in /etc/nginx/nginx.conf:34
2024/10/31 18:27:08 [emerg] 1#1: host not found in upstream "servitec-backend" in /etc/nginx/nginx.conf:68
2024/10/31 18:28:11 [warn] 1#1: the "listen ... http2" directive is deprecated, use the "http2" directive instead in /etc/nginx/nginx.conf:34
2024/10/31 18:28:11 [emerg] 1#1: cannot load certificate "/etc/nginx/ssl/live/your-domain.com/fullchain.pem": BIO_new_file() failed (SSL: error:80000002:system library::No such file or directory:calling fopen(/etc/nginx/ssl/live/your-domain.com/fullchain.pem, r) error:10000080:BIO routines::no such file)
2024/11/06 12:59:26 [notice] 1#1: using the "epoll" event method
2024/11/06 12:59:26 [notice] 1#1: nginx/1.27.2
2024/11/06 12:59:26 [notice] 1#1: built by gcc 13.2.1 20240309 (Alpine 13.2.1_git20240309) 
2024/11/06 12:59:26 [notice] 1#1: OS: Linux 5.15.153.1-microsoft-standard-WSL2
2024/11/06 12:59:26 [notice] 1#1: getrlimit(RLIMIT_NOFILE): 1048576:1048576
2024/11/06 12:59:26 [notice] 1#1: start worker processes
2024/11/06 12:59:26 [notice] 1#1: start worker process 37
2024/11/06 12:59:26 [notice] 1#1: start worker process 38
2024/11/06 12:59:26 [notice] 1#1: start worker process 39
2024/11/06 12:59:26 [notice] 1#1: start worker process 40
2024/11/06 12:59:26 [notice] 1#1: start worker process 41
2024/11/06 12:59:26 [notice] 1#1: start worker process 42
2024/11/06 12:59:26 [notice] 1#1: start worker process 43
2024/11/06 12:59:26 [notice] 1#1: start worker process 44
2024/11/06 12:59:26 [notice] 1#1: start worker process 45
2024/11/06 12:59:26 [notice] 1#1: start worker process 46
2024/11/06 12:59:26 [notice] 1#1: start worker process 47
2024/11/06 12:59:26 [notice] 1#1: start worker process 48
2024/11/06 13:03:56 [notice] 1#1: signal 3 (SIGQUIT) received, shutting down
2024/11/06 13:03:56 [notice] 42#42: gracefully shutting down
2024/11/06 13:03:56 [notice] 46#46: gracefully shutting down
2024/11/06 13:03:56 [notice] 38#38: gracefully shutting down
2024/11/06 13:03:56 [notice] 39#39: gracefully shutting down
2024/11/06 13:03:56 [notice] 37#37: gracefully shutting down
2024/11/06 13:03:56 [notice] 44#44: gracefully shutting down
2024/11/06 13:03:56 [notice] 40#40: gracefully shutting down
2024/11/06 13:03:56 [notice] 45#45: gracefully shutting down
2024/11/06 13:03:56 [notice] 47#47: gracefully shutting down
2024/11/06 13:03:56 [notice] 43#43: gracefully shutting down
2024/11/06 13:03:56 [notice] 41#41: gracefully shutting down
2024/11/06 13:03:56 [notice] 48#48: gracefully shutting down
2024/11/06 13:03:56 [notice] 42#42: exiting
2024/11/06 13:03:56 [notice] 39#39: exiting
2024/11/06 13:03:56 [notice] 44#44: exiting
2024/11/06 13:03:56 [notice] 46#46: exiting
2024/11/06 13:03:56 [notice] 38#38: exiting
2024/11/06 13:03:56 [notice] 40#40: exiting
2024/11/06 13:03:56 [notice] 43#43: exiting
2024/11/06 13:03:56 [notice] 37#37: exiting
2024/11/06 13:03:56 [notice] 45#45: exiting
2024/11/06 13:03:56 [notice] 47#47: exiting
2024/11/06 13:03:56 [notice] 41#41: exiting
2024/11/06 13:03:56 [notice] 48#48: exiting
2024/11/06 13:03:56 [notice] 40#40: exit
2024/11/06 13:03:56 [notice] 46#46: exit
2024/11/06 13:03:56 [notice] 43#43: exit
2024/11/06 13:03:56 [notice] 44#44: exit
2024/11/06 13:03:56 [notice] 38#38: exit
2024/11/06 13:03:56 [notice] 42#42: exit
2024/11/06 13:03:56 [notice] 47#47: exit
2024/11/06 13:03:56 [notice] 41#41: exit
2024/11/06 13:03:56 [notice] 37#37: exit
2024/11/06 13:03:56 [notice] 39#39: exit
2024/11/06 13:03:56 [notice] 45#45: exit
2024/11/06 13:03:56 [notice] 48#48: exit
2024/11/06 13:03:56 [notice] 1#1: signal 17 (SIGCHLD) received from 47
2024/11/06 13:03:56 [notice] 1#1: worker process 37 exited with code 0
2024/11/06 13:03:56 [notice] 1#1: worker process 39 exited with code 0
2024/11/06 13:03:56 [notice] 1#1: worker process 41 exited with code 0
2024/11/06 13:03:56 [notice] 1#1: worker process 43 exited with code 0
2024/11/06 13:03:56 [notice] 1#1: worker process 44 exited with code 0
2024/11/06 13:03:56 [notice] 1#1: worker process 47 exited with code 0
2024/11/06 13:03:56 [notice] 1#1: signal 29 (SIGIO) received
2024/11/06 13:03:56 [notice] 1#1: signal 17 (SIGCHLD) received from 44
2024/11/06 13:03:56 [notice] 1#1: signal 17 (SIGCHLD) received from 38
2024/11/06 13:03:56 [notice] 1#1: worker process 38 exited with code 0
2024/11/06 13:03:56 [notice] 1#1: signal 29 (SIGIO) received
2024/11/06 13:03:56 [notice] 1#1: signal 17 (SIGCHLD) received from 40
2024/11/06 13:03:56 [notice] 1#1: worker process 40 exited with code 0
2024/11/06 13:03:56 [notice] 1#1: worker process 45 exited with code 0
2024/11/06 13:03:56 [notice] 1#1: worker process 46 exited with code 0
2024/11/06 13:03:56 [notice] 1#1: worker process 48 exited with code 0
2024/11/06 13:03:56 [notice] 1#1: worker process 42 exited with code 0
2024/11/06 13:03:56 [notice] 1#1: exit
